[2024-07-06T14:56:56.676] [DEBUG] debug-file - env: nodejsVersion=v18.20.1
[2024-07-06T14:56:57.209] [DEBUG] debug-file - Hvigor init with startParameters:{
  hvigorfileTypeCheck: false,
  parallelExecution: true,
  incrementalExecution: true,
  printStackTrace: false,
  daemon: false,
  analyze: 0,
  logLevel: Level { level: 20000, levelStr: 'INFO', colour: 'green' }
}
[2024-07-06T14:56:57.237] [DEBUG] debug-file - hvigorfile, resolving D:\src\Learn-HarmonyOS\Learn-arkTs\VIP_image\hvigorfile.ts
[2024-07-06T14:56:58.945] [DEBUG] debug-file - hvigorfile, require result:  { default: { system: [Function: appTasks], plugins: [] } }
[2024-07-06T14:56:59.207] [DEBUG] debug-file - Start initialize project's product build option map with build mode debug.
[2024-07-06T14:56:59.237] [DEBUG] debug-file - Local scan or download hmscore sdk components toolchains,ets,native
[2024-07-06T14:56:59.213] [DEBUG] debug-file - Product 'default' using build option: {
  "debuggable": true
} in this build.
[2024-07-06T14:56:59.231] [DEBUG] debug-file - Local scan or download HarmonyOS sdk components toolchains,ets,js,native
[2024-07-06T14:56:59.253] [DEBUG] debug-file - Sdk init in 29 ms 
[2024-07-06T14:56:59.304] [DEBUG] debug-file - Project task initialization takes 47 ms 
[2024-07-06T14:56:59.316] [DEBUG] debug-file - hvigorfile, resolving D:\src\Learn-HarmonyOS\Learn-arkTs\VIP_image\entry\hvigorfile.ts
[2024-07-06T14:56:59.345] [DEBUG] debug-file - Start initialize module-target build option map, moduleName=entry, buildMode=debug
[2024-07-06T14:56:59.357] [DEBUG] debug-file - Module entry task initialization takes 6 ms 
[2024-07-06T14:56:59.361] [DEBUG] debug-file - project has submodules:entry
[2024-07-06T14:56:59.386] [DEBUG] debug-file - Executing task :entry:clean
[2024-07-06T14:56:59.391] [DEBUG] debug-file - entry : clean cost memory 0.25374603271484375
[2024-07-06T14:56:56.678] [DEBUG] debug-file - env: hvigor-config.json5 content = {
  modelVersion: '5.0.0',
  dependencies: {},
  execution: {},
  logging: {},
  debugging: {},
  nodeOptions: {}
}
[2024-07-06T14:56:57.211] [DEBUG] debug-file - Since current hvigor version 5.2.2 differs from last hvigor version 
      undefined, delete file-cache.json and task-cache.json.
[2024-07-06T14:56:58.946] [DEBUG] debug-file - hvigorfile, binding system plugins [Function: appTasks]
[2024-07-06T14:56:59.207] [DEBUG] debug-file - Picking option from product 'default' with build mode 'debug'.
[2024-07-06T14:56:59.222] [DEBUG] debug-file - No signingConfig found, initRemoteHspCache failed.
[2024-07-06T14:56:59.448] [DEBUG] debug-file - Current worker pool is stopped or closed.
[2024-07-06T14:56:59.304] [DEBUG] debug-file - hvigorfile, binding custom plugins []
[2024-07-06T14:56:59.324] [DEBUG] debug-file - hvigorfile, require result:  { default: { system: [Function: hapTasks], plugins: [] } }
[2024-07-06T14:56:59.346] [DEBUG] debug-file - Target 'default' config: {}
[2024-07-06T14:56:59.357] [DEBUG] debug-file - hvigorfile, binding custom plugins []
[2024-07-06T14:56:59.361] [DEBUG] debug-file - start to load updatedOhPackageInfo to the disk
[2024-07-06T14:56:59.386] [DEBUG] debug-file - clean: Worker pool is inactive.
[2024-07-06T14:56:59.391] [DEBUG] debug-file - runTaskFromQueue task cost before running: 2 s 203 ms 
[2024-07-06T14:56:56.681] [DEBUG] debug-file - env: daemon=false
[2024-07-06T14:56:57.211] [DEBUG] debug-file - Cache service initialization finished in 3 ms 
[2024-07-06T14:56:59.207] [DEBUG] debug-file - Product 'default' build option: {}
[2024-07-06T14:56:59.461] [DEBUG] debug-file - Current worker pool is terminated.
[2024-07-06T14:56:59.304] [DEBUG] debug-file - hvigorfile, no custom plugins were found in D:\src\Learn-HarmonyOS\Learn-arkTs\VIP_image\hvigorfile.ts
[2024-07-06T14:56:59.324] [DEBUG] debug-file - hvigorfile, binding system plugins [Function: hapTasks]
[2024-07-06T14:56:59.346] [DEBUG] debug-file - Target 'ohosTest' config: {}
[2024-07-06T14:56:59.358] [DEBUG] debug-file - hvigorfile, no custom plugins were found in D:\src\Learn-HarmonyOS\Learn-arkTs\VIP_image\entry\hvigorfile.ts
[2024-07-06T14:56:59.366] [DEBUG] debug-file - load to the disk finished
[2024-07-06T14:56:59.393] [INFO] debug-file - Finished :entry:clean... after 6 ms 
[2024-07-06T14:56:56.681] [DEBUG] debug-file - no-daemon, use the parent process.execArgv --max-old-space-size=8192,--expose-gc
[2024-07-06T14:56:59.207] [DEBUG] debug-file - End initialize project's product build option map with build mode 'debug'.
[2024-07-06T14:56:59.304] [DEBUG] debug-file - hvigorfile, resolve finished D:\src\Learn-HarmonyOS\Learn-arkTs\VIP_image\hvigorfile.ts
[2024-07-06T14:56:59.346] [DEBUG] debug-file - Module 'entry' target 'default' build option: {
  "debuggable": true,
  "copyFrom": "default",
  "name": "debug"
}
[2024-07-06T14:56:59.358] [DEBUG] debug-file - hvigorfile, resolve finished D:\src\Learn-HarmonyOS\Learn-arkTs\VIP_image\entry\hvigorfile.ts
[2024-07-06T14:56:59.369] [DEBUG] debug-file - Module VIP_image Collected Dependency: 
[2024-07-06T14:56:59.393] [DEBUG] debug-file - Executing task ::clean
[2024-07-06T14:56:59.346] [DEBUG] debug-file - Module 'entry' target 'ohosTest' build option: {
  "debuggable": true,
  "name": "default"
}
[2024-07-06T14:56:59.369] [DEBUG] debug-file - Module VIP_image's total dependency: 0
[2024-07-06T14:56:59.393] [DEBUG] debug-file - clean: Worker pool is inactive.
[2024-07-06T14:56:59.346] [DEBUG] debug-file - End initialize module-target build option map, moduleName=entry
[2024-07-06T14:56:59.373] [DEBUG] debug-file - Module entry Collected Dependency: 
[2024-07-06T14:56:59.394] [DEBUG] debug-file - VIP_image : clean cost memory 0.03159332275390625
[2024-07-06T14:56:59.347] [DEBUG] debug-file - Module 'entry' target 'default' using build option: {
  "debuggable": true,
  "copyFrom": "default",
  "name": "debug"
} in this build.
[2024-07-06T14:56:59.373] [DEBUG] debug-file - Module entry's total dependency: 0
[2024-07-06T14:56:59.394] [DEBUG] debug-file - runTaskFromQueue task cost before running: 2 s 206 ms 
[2024-07-06T14:56:59.378] [DEBUG] debug-file - Configuration phase cost:2 s 155 ms 
[2024-07-06T14:56:59.394] [INFO] debug-file - Finished ::clean... after 1 ms 
[2024-07-06T14:56:59.381] [DEBUG] debug-file - Configuration task cost before running: 2 s 193 ms 
[2024-07-06T14:56:59.394] [DEBUG] debug-file - Executing task :entry:init
[2024-07-06T14:56:59.395] [DEBUG] debug-file - entry : init cost memory 0.00981903076171875
[2024-07-06T14:56:59.395] [DEBUG] debug-file - runTaskFromQueue task cost before running: 2 s 207 ms 
[2024-07-06T14:56:59.395] [INFO] debug-file - Finished :entry:init... after 1 ms 
[2024-07-06T14:56:59.395] [DEBUG] debug-file - Executing task ::init
[2024-07-06T14:56:59.395] [DEBUG] debug-file - VIP_image : init cost memory 0.00852203369140625
[2024-07-06T14:56:59.395] [DEBUG] debug-file - runTaskFromQueue task cost before running: 2 s 208 ms 
[2024-07-06T14:56:59.395] [INFO] debug-file - Finished ::init... after 1 ms 
[2024-07-06T14:56:59.410] [DEBUG] debug-file - Module 'entry' target 'default' using build option: {
  "debuggable": true,
  "copyFrom": "default",
  "name": "debug"
} in this build.
[2024-07-06T14:56:59.418] [DEBUG] debug-file - Module 'entry' target 'ohosTest' using build option: {
  "debuggable": true,
  "name": "default"
} in this build.
[2024-07-06T14:56:59.424] [DEBUG] debug-file - hvigor start cli arguments:{
  prop: [ 'product=default' ],
  sync: true,
  parallel: true,
  incremental: true,
  daemon: false,
  _: [ '--analyze=normal' ]
}
[2024-07-06T14:56:59.438] [DEBUG] debug-file - Since there is no instance or instance is terminated, create a new worker pool.
[2024-07-06T14:56:59.439] [DEBUG] debug-file - Worker pool is initialized with config:  {
  minPoolNum: 2,
  maxPoolNum: undefined,
  maxCoreSize: undefined,
  cacheCapacity: undefined,
  cacheTtl: undefined
}
[2024-07-06T14:58:47.152] [DEBUG] debug-file - env: nodejsVersion=v18.20.1
[2024-07-06T14:58:47.216] [DEBUG] debug-file - env: daemon=true
[2024-07-06T14:58:47.154] [DEBUG] debug-file - env: hvigor-config.json5 content = {
  modelVersion: '5.0.0',
  dependencies: {},
  execution: {},
  logging: {},
  debugging: {},
  nodeOptions: {}
}
[2024-07-06T14:58:47.993] [DEBUG] debug-file - java daemon tryConnect failed Error: connect ECONNREFUSED ::1:45050
[2024-07-06T14:58:47.999] [DEBUG] debug-file - java daemon started at port 45050 pid 10032
[2024-07-06T14:58:48.028] [DEBUG] debug-file - hvigor start cli arguments:{
  prop: [],
  sync: true,
  parallel: true,
  incremental: true,
  daemon: true,
  _: [ '--analyze=normal' ]
}
[2024-07-06T14:58:48.060] [DEBUG] debug-file - session manager: set active socket. socketId=epzCwFpDZWCTUeeAAAAB
[2024-07-06T14:58:48.833] [DEBUG] debug-file - Hvigor init with startParameters:{
  hvigorfileTypeCheck: false,
  parallelExecution: true,
  incrementalExecution: true,
  printStackTrace: false,
  daemon: true,
  analyze: 0,
  logLevel: Level { level: 20000, levelStr: 'INFO', colour: 'green' }
}
[2024-07-06T14:58:48.836] [DEBUG] debug-file - Cache service initialization finished in 3 ms 
[2024-07-06T14:58:48.850] [DEBUG] debug-file - hvigorfile, resolving D:\src\Learn-HarmonyOS\Learn-arkTs\VIP_image\hvigorfile.ts
[2024-07-06T14:58:50.286] [DEBUG] debug-file - hvigorfile, require result:  { default: { plugins: [] } }
[2024-07-06T14:58:50.286] [DEBUG] debug-file - hvigorfile, binding system plugins null
[2024-07-06T14:58:50.488] [DEBUG] debug-file - Start initialize project's product build option map with build mode debug.
[2024-07-06T14:58:50.489] [DEBUG] debug-file - Picking option from product 'default' with build mode 'debug'.
[2024-07-06T14:58:50.489] [DEBUG] debug-file - Product 'default' build option: {}
[2024-07-06T14:58:50.489] [DEBUG] debug-file - End initialize project's product build option map with build mode 'debug'.
[2024-07-06T14:58:50.492] [DEBUG] debug-file - Product 'default' using build option: {
  "debuggable": true
} in this build.
[2024-07-06T14:58:50.501] [DEBUG] debug-file - No signingConfig found, initRemoteHspCache failed.
[2024-07-06T14:58:50.507] [DEBUG] debug-file - Local scan or download HarmonyOS sdk components toolchains,ets,js,native
[2024-07-06T14:58:50.511] [DEBUG] debug-file - Local scan or download hmscore sdk components toolchains,ets,native
[2024-07-06T14:58:50.519] [DEBUG] debug-file - Sdk init in 16 ms 
[2024-07-06T14:58:50.544] [DEBUG] debug-file - Project task initialization takes 23 ms 
[2024-07-06T14:58:50.544] [DEBUG] debug-file - hvigorfile, binding custom plugins []
[2024-07-06T14:58:50.545] [DEBUG] debug-file - hvigorfile, no custom plugins were found in D:\src\Learn-HarmonyOS\Learn-arkTs\VIP_image\hvigorfile.ts
[2024-07-06T14:58:50.545] [DEBUG] debug-file - hvigorfile, resolve finished D:\src\Learn-HarmonyOS\Learn-arkTs\VIP_image\hvigorfile.ts
[2024-07-06T14:58:50.551] [DEBUG] debug-file - hvigorfile, resolving D:\src\Learn-HarmonyOS\Learn-arkTs\VIP_image\entry\hvigorfile.ts
[2024-07-06T14:58:50.558] [DEBUG] debug-file - hvigorfile, require result:  { default: { plugins: [] } }
[2024-07-06T14:58:50.558] [DEBUG] debug-file - hvigorfile, binding system plugins null
[2024-07-06T14:58:50.571] [DEBUG] debug-file - Start initialize module-target build option map, moduleName=entry, buildMode=debug
[2024-07-06T14:58:50.571] [DEBUG] debug-file - Target 'default' config: {}
[2024-07-06T14:58:50.572] [DEBUG] debug-file - Target 'ohosTest' config: {}
[2024-07-06T14:58:50.572] [DEBUG] debug-file - Module 'entry' target 'default' build option: {
  "debuggable": true,
  "copyFrom": "default",
  "name": "debug"
}
[2024-07-06T14:58:50.572] [DEBUG] debug-file - Module 'entry' target 'ohosTest' build option: {
  "debuggable": true,
  "name": "default"
}
[2024-07-06T14:58:50.572] [DEBUG] debug-file - End initialize module-target build option map, moduleName=entry
[2024-07-06T14:58:50.572] [DEBUG] debug-file - Module 'entry' target 'default' using build option: {
  "debuggable": true,
  "copyFrom": "default",
  "name": "debug"
} in this build.
[2024-07-06T14:58:50.580] [DEBUG] debug-file - Module entry task initialization takes 5 ms 
[2024-07-06T14:58:50.580] [DEBUG] debug-file - hvigorfile, binding custom plugins []
[2024-07-06T14:58:50.580] [DEBUG] debug-file - hvigorfile, no custom plugins were found in D:\src\Learn-HarmonyOS\Learn-arkTs\VIP_image\entry\hvigorfile.ts
[2024-07-06T14:58:50.580] [DEBUG] debug-file - hvigorfile, resolve finished D:\src\Learn-HarmonyOS\Learn-arkTs\VIP_image\entry\hvigorfile.ts
[2024-07-06T14:58:50.656] [DEBUG] debug-file - hvigorfile, resolve hvigorfile dependencies in 75 ms 
[2024-07-06T14:58:50.656] [DEBUG] debug-file - project has submodules:entry
[2024-07-06T14:58:50.657] [DEBUG] debug-file - start to load updatedOhPackageInfo to the disk
[2024-07-06T14:58:50.663] [DEBUG] debug-file - load to the disk finished
[2024-07-06T14:58:50.666] [DEBUG] debug-file - Module VIP_image Collected Dependency: 
[2024-07-06T14:58:50.666] [DEBUG] debug-file - Module VIP_image's total dependency: 0
[2024-07-06T14:58:50.669] [DEBUG] debug-file - Module entry Collected Dependency: 
[2024-07-06T14:58:50.669] [DEBUG] debug-file - Module entry's total dependency: 0
[2024-07-06T14:58:50.674] [DEBUG] debug-file - Configuration phase cost:1 s 831 ms 
[2024-07-06T14:58:50.676] [DEBUG] debug-file - Configuration task cost before running: 1 s 857 ms 
[2024-07-06T14:58:50.676] [DEBUG] debug-file - Executing task :entry:init
[2024-07-06T14:58:50.677] [DEBUG] debug-file - entry : init cost memory 0.0151214599609375
[2024-07-06T14:58:50.677] [DEBUG] debug-file - runTaskFromQueue task cost before running: 1 s 858 ms 
[2024-07-06T14:58:50.678] [INFO] debug-file - Finished :entry:init... after 1 ms 
[2024-07-06T14:58:50.678] [DEBUG] debug-file - Executing task ::init
[2024-07-06T14:58:50.678] [DEBUG] debug-file - VIP_image : init cost memory 0.0149688720703125
[2024-07-06T14:58:50.678] [DEBUG] debug-file - runTaskFromQueue task cost before running: 1 s 859 ms 
[2024-07-06T14:58:50.678] [INFO] debug-file - Finished ::init... after 1 ms 
[2024-07-06T14:58:50.691] [DEBUG] debug-file - Module 'entry' target 'default' using build option: {
  "debuggable": true,
  "copyFrom": "default",
  "name": "debug"
} in this build.
[2024-07-06T14:58:50.696] [DEBUG] debug-file - Module 'entry' target 'ohosTest' using build option: {
  "debuggable": true,
  "name": "default"
} in this build.
[2024-07-06T14:58:51.079] [DEBUG] debug-file - Hvigor init with startParameters:{
  hvigorfileTypeCheck: false,
  parallelExecution: true,
  incrementalExecution: true,
  printStackTrace: false,
  daemon: true,
  analyze: 0,
  logLevel: Level { level: 20000, levelStr: 'INFO', colour: 'green' }
}
[2024-07-06T14:58:51.080] [DEBUG] debug-file - Cache service initialization finished in 2 ms 
[2024-07-06T14:58:51.093] [DEBUG] debug-file - hvigorfile, resolving D:\src\Learn-HarmonyOS\Learn-arkTs\VIP_image\hvigorfile.ts
[2024-07-06T14:58:51.100] [DEBUG] debug-file - hvigorfile, require result:  { default: { plugins: [] } }
[2024-07-06T14:58:51.100] [DEBUG] debug-file - hvigorfile, binding system plugins null
[2024-07-06T14:58:51.109] [DEBUG] debug-file - Start initialize project's product build option map with build mode debug.
[2024-07-06T14:58:51.109] [DEBUG] debug-file - Picking option from product 'default' with build mode 'debug'.
[2024-07-06T14:58:51.109] [DEBUG] debug-file - Product 'default' build option: {}
[2024-07-06T14:58:51.109] [DEBUG] debug-file - End initialize project's product build option map with build mode 'debug'.
[2024-07-06T14:58:51.110] [DEBUG] debug-file - Product 'default' using build option: {
  "debuggable": true
} in this build.
[2024-07-06T14:58:51.116] [DEBUG] debug-file - No signingConfig found, initRemoteHspCache failed.
[2024-07-06T14:58:51.128] [DEBUG] debug-file - Sdk init in 11 ms 
[2024-07-06T14:58:51.152] [DEBUG] debug-file - Project task initialization takes 22 ms 
[2024-07-06T14:58:51.152] [DEBUG] debug-file - hvigorfile, binding custom plugins []
[2024-07-06T14:58:51.152] [DEBUG] debug-file - hvigorfile, no custom plugins were found in D:\src\Learn-HarmonyOS\Learn-arkTs\VIP_image\hvigorfile.ts
[2024-07-06T14:58:51.152] [DEBUG] debug-file - hvigorfile, resolve finished D:\src\Learn-HarmonyOS\Learn-arkTs\VIP_image\hvigorfile.ts
[2024-07-06T14:58:51.158] [DEBUG] debug-file - hvigorfile, resolving D:\src\Learn-HarmonyOS\Learn-arkTs\VIP_image\entry\hvigorfile.ts
[2024-07-06T14:58:51.163] [DEBUG] debug-file - hvigorfile, require result:  { default: { plugins: [] } }
[2024-07-06T14:58:51.164] [DEBUG] debug-file - hvigorfile, binding system plugins null
[2024-07-06T14:58:51.172] [DEBUG] debug-file - Start initialize module-target build option map, moduleName=entry, buildMode=debug
[2024-07-06T14:58:51.172] [DEBUG] debug-file - Target 'default' config: {}
[2024-07-06T14:58:51.172] [DEBUG] debug-file - Target 'ohosTest' config: {}
[2024-07-06T14:58:51.173] [DEBUG] debug-file - Module 'entry' target 'default' build option: {
  "debuggable": true,
  "copyFrom": "default",
  "name": "debug"
}
[2024-07-06T14:58:51.173] [DEBUG] debug-file - Module 'entry' target 'ohosTest' build option: {
  "debuggable": true,
  "name": "default"
}
[2024-07-06T14:58:51.173] [DEBUG] debug-file - End initialize module-target build option map, moduleName=entry
[2024-07-06T14:58:51.173] [DEBUG] debug-file - Module 'entry' target 'default' using build option: {
  "debuggable": true,
  "copyFrom": "default",
  "name": "debug"
} in this build.
[2024-07-06T14:58:51.176] [DEBUG] debug-file - Module entry task initialization takes 1 ms 
[2024-07-06T14:58:51.176] [DEBUG] debug-file - hvigorfile, binding custom plugins []
[2024-07-06T14:58:51.176] [DEBUG] debug-file - hvigorfile, no custom plugins were found in D:\src\Learn-HarmonyOS\Learn-arkTs\VIP_image\entry\hvigorfile.ts
[2024-07-06T14:58:51.176] [DEBUG] debug-file - hvigorfile, resolve finished D:\src\Learn-HarmonyOS\Learn-arkTs\VIP_image\entry\hvigorfile.ts
[2024-07-06T14:58:51.267] [DEBUG] debug-file - hvigorfile, resolve hvigorfile dependencies in 90 ms 
[2024-07-06T14:58:51.267] [DEBUG] debug-file - project has submodules:entry
[2024-07-06T14:58:51.268] [DEBUG] debug-file - start to load updatedOhPackageInfo to the disk
[2024-07-06T14:58:51.278] [DEBUG] debug-file - load to the disk finished
[2024-07-06T14:58:51.280] [DEBUG] debug-file - Module VIP_image Collected Dependency: 
[2024-07-06T14:58:51.280] [DEBUG] debug-file - Module VIP_image's total dependency: 0
[2024-07-06T14:58:51.281] [DEBUG] debug-file - Module entry Collected Dependency: 
[2024-07-06T14:58:51.281] [DEBUG] debug-file - Module entry's total dependency: 0
[2024-07-06T14:58:51.285] [DEBUG] debug-file - Configuration phase cost:199 ms 
[2024-07-06T14:58:51.287] [DEBUG] debug-file - Configuration task cost before running: 223 ms 
[2024-07-06T14:58:51.295] [DEBUG] debug-file - jsonObjWithoutParam {} at undefined
[2024-07-06T14:58:51.295] [DEBUG] debug-file - jsonObjWithoutParam {"name":"entry","version":"1.0.0","description":"Please describe the basic information.","main":"","author":"","license":"","dependencies":{}} at undefined
[2024-07-06T14:58:51.301] [DEBUG] debug-file - Executing task :entry:default@PreBuild
[2024-07-06T14:58:51.489] [DEBUG] debug-file - current product is not Atomic service.
[2024-07-06T14:58:51.490] [DEBUG] debug-file - Use tool [win32: JAVA_HOME, CLASSPATH]
 [
  { JAVA_HOME: 'C:\\Program Files\\Huawei\\DevEco Studio\\jbr' },
  { CLASSPATH: undefined }
]
[2024-07-06T14:58:51.490] [DEBUG] debug-file - Use tool [win32: NODE_HOME]
 [
  {
    NODE_HOME: 'C:\\Program Files\\Huawei\\DevEco Studio\\tools\\node'
  }
]
[2024-07-06T14:58:51.491] [DEBUG] debug-file - entry : default@PreBuild cost memory 15.141716003417969
[2024-07-06T14:58:51.491] [DEBUG] debug-file - runTaskFromQueue task cost before running: 428 ms 
[2024-07-06T14:58:51.494] [INFO] debug-file - Finished :entry:default@PreBuild... after 190 ms 
[2024-07-06T14:58:51.497] [DEBUG] debug-file - jsonObjWithoutParam {} at undefined
[2024-07-06T14:58:51.497] [DEBUG] debug-file - jsonObjWithoutParam {"name":"entry","version":"1.0.0","description":"Please describe the basic information.","main":"","author":"","license":"","dependencies":{}} at undefined
[2024-07-06T14:58:51.498] [DEBUG] debug-file - Executing task :entry:default@MergeProfile
[2024-07-06T14:58:51.499] [DEBUG] debug-file - Change app api release type with 'Beta1'
[2024-07-06T14:58:51.499] [DEBUG] debug-file - Change app compile API version with '5.0.0.25'
[2024-07-06T14:58:51.499] [DEBUG] debug-file - Change app target API version with '50000012'
[2024-07-06T14:58:51.499] [DEBUG] debug-file - Change app minimum API version with '50000012'
[2024-07-06T14:58:51.499] [DEBUG] debug-file - Use cli appEnvironment
[2024-07-06T14:58:51.502] [DEBUG] debug-file - entry : default@MergeProfile cost memory 0.13988494873046875
[2024-07-06T14:58:51.502] [DEBUG] debug-file - runTaskFromQueue task cost before running: 439 ms 
[2024-07-06T14:58:51.502] [INFO] debug-file - Finished :entry:default@MergeProfile... after 4 ms 
[2024-07-06T14:58:51.505] [DEBUG] debug-file - jsonObjWithoutParam {} at undefined
[2024-07-06T14:58:51.505] [DEBUG] debug-file - jsonObjWithoutParam {"name":"entry","version":"1.0.0","description":"Please describe the basic information.","main":"","author":"","license":"","dependencies":{}} at undefined
[2024-07-06T14:58:51.506] [DEBUG] debug-file - Executing task :entry:default@CreateBuildProfile
[2024-07-06T14:58:51.510] [DEBUG] debug-file - entry : default@CreateBuildProfile cost memory 0.08437347412109375
[2024-07-06T14:58:51.510] [DEBUG] debug-file - runTaskFromQueue task cost before running: 446 ms 
[2024-07-06T14:58:51.511] [INFO] debug-file - Finished :entry:default@CreateBuildProfile... after 4 ms 
[2024-07-06T14:58:51.513] [DEBUG] debug-file - jsonObjWithoutParam {} at undefined
[2024-07-06T14:58:51.513] [DEBUG] debug-file - jsonObjWithoutParam {"name":"entry","version":"1.0.0","description":"Please describe the basic information.","main":"","author":"","license":"","dependencies":{}} at undefined
[2024-07-06T14:58:51.514] [DEBUG] debug-file - Executing task :entry:default@PreCheckSyscap
[2024-07-06T14:58:51.515] [DEBUG] debug-file - entry : default@PreCheckSyscap cost memory 0.013458251953125
[2024-07-06T14:58:51.515] [DEBUG] debug-file - runTaskFromQueue task cost before running: 451 ms 
[2024-07-06T14:58:51.515] [INFO] debug-file - Finished :entry:default@PreCheckSyscap... after 1 ms 
[2024-07-06T14:58:51.518] [DEBUG] debug-file - jsonObjWithoutParam {} at undefined
[2024-07-06T14:58:51.518] [DEBUG] debug-file - jsonObjWithoutParam {"name":"entry","version":"1.0.0","description":"Please describe the basic information.","main":"","author":"","license":"","dependencies":{}} at undefined
[2024-07-06T14:58:51.541] [DEBUG] debug-file - Executing task :entry:default@GeneratePkgContextInfo
[2024-07-06T14:58:51.541] [DEBUG] debug-file - entry : default@GeneratePkgContextInfo cost memory 0.02170562744140625
[2024-07-06T14:58:51.541] [DEBUG] debug-file - runTaskFromQueue task cost before running: 478 ms 
[2024-07-06T14:58:51.542] [INFO] debug-file - Finished :entry:default@GeneratePkgContextInfo... after 1 ms 
[2024-07-06T14:58:51.544] [DEBUG] debug-file - jsonObjWithoutParam {} at undefined
[2024-07-06T14:58:51.544] [DEBUG] debug-file - jsonObjWithoutParam {"name":"entry","version":"1.0.0","description":"Please describe the basic information.","main":"","author":"","license":"","dependencies":{}} at undefined
[2024-07-06T14:58:51.546] [DEBUG] debug-file - Executing task :entry:default@ProcessProfile
[2024-07-06T14:58:51.547] [DEBUG] debug-file - [
  'C:\\Program Files\\Huawei\\DevEco Studio\\tools\\node\\node.exe',
  'C:\\Program Files\\Huawei\\DevEco Studio\\sdk\\HarmonyOS-NEXT-DB1\\openharmony\\ets\\build-tools\\ets-loader\\bin\\ark\\ts2abc.js',
  '--target-api-version',
  '12'
]
[2024-07-06T14:58:51.724] [DEBUG] debug-file - 12.0.2.0
[2024-07-06T14:58:51.725] [DEBUG] debug-file - entry : default@ProcessProfile cost memory 1.635589599609375
[2024-07-06T14:58:51.725] [DEBUG] debug-file - runTaskFromQueue task cost before running: 662 ms 
[2024-07-06T14:58:51.725] [INFO] debug-file - Finished :entry:default@ProcessProfile... after 180 ms 
[2024-07-06T14:58:51.728] [DEBUG] debug-file - jsonObjWithoutParam {} at undefined
[2024-07-06T14:58:51.728] [DEBUG] debug-file - jsonObjWithoutParam {"name":"entry","version":"1.0.0","description":"Please describe the basic information.","main":"","author":"","license":"","dependencies":{}} at undefined
[2024-07-06T14:58:51.732] [DEBUG] debug-file - Executing task :entry:default@ProcessRouterMap
[2024-07-06T14:58:51.741] [DEBUG] debug-file - entry : default@ProcessRouterMap cost memory -10.044807434082031
[2024-07-06T14:58:51.741] [DEBUG] debug-file - runTaskFromQueue task cost before running: 678 ms 
[2024-07-06T14:58:51.743] [INFO] debug-file - Finished :entry:default@ProcessRouterMap... after 10 ms 
[2024-07-06T14:58:51.746] [DEBUG] debug-file - jsonObjWithoutParam {} at undefined
[2024-07-06T14:58:51.746] [DEBUG] debug-file - jsonObjWithoutParam {"name":"entry","version":"1.0.0","description":"Please describe the basic information.","main":"","author":"","license":"","dependencies":{}} at undefined
[2024-07-06T14:58:51.748] [DEBUG] debug-file - restool module names: entry; moduleName=entry, taskName=default@PreviewProcessResource
[2024-07-06T14:58:51.751] [DEBUG] debug-file - Executing task :entry:default@PreviewProcessResource
[2024-07-06T14:58:51.752] [DEBUG] debug-file - entry : default@PreviewProcessResource cost memory 0.05222320556640625
[2024-07-06T14:58:51.753] [DEBUG] debug-file - runTaskFromQueue task cost before running: 690 ms 
[2024-07-06T14:58:51.755] [INFO] debug-file - Finished :entry:default@PreviewProcessResource... after 3 ms 
[2024-07-06T14:58:51.757] [DEBUG] debug-file - jsonObjWithoutParam {} at undefined
[2024-07-06T14:58:51.757] [DEBUG] debug-file - jsonObjWithoutParam {"name":"entry","version":"1.0.0","description":"Please describe the basic information.","main":"","author":"","license":"","dependencies":{}} at undefined
[2024-07-06T14:58:51.761] [DEBUG] debug-file - Executing task :entry:default@GenerateLoaderJson
[2024-07-06T14:58:51.775] [DEBUG] debug-file - entry : default@GenerateLoaderJson cost memory 0.72991943359375
[2024-07-06T14:58:51.775] [DEBUG] debug-file - runTaskFromQueue task cost before running: 712 ms 
[2024-07-06T14:58:51.780] [INFO] debug-file - Finished :entry:default@GenerateLoaderJson... after 14 ms 
[2024-07-06T14:58:51.782] [DEBUG] debug-file - jsonObjWithoutParam {} at undefined
[2024-07-06T14:58:51.782] [DEBUG] debug-file - jsonObjWithoutParam {"name":"entry","version":"1.0.0","description":"Please describe the basic information.","main":"","author":"","license":"","dependencies":{}} at undefined
[2024-07-06T14:58:51.783] [DEBUG] debug-file - restool module names: entry; moduleName=entry, taskName=default@PreviewCompileResource
[2024-07-06T14:58:51.785] [DEBUG] debug-file - Executing task :entry:default@PreviewCompileResource
[2024-07-06T14:58:51.817] [DEBUG] debug-file - Use tool [C:\Program Files\Huawei\DevEco Studio\sdk\HarmonyOS-NEXT-DB1\openharmony\toolchains\restool.exe]
 [
  'C:\\Program Files\\Huawei\\DevEco Studio\\sdk\\HarmonyOS-NEXT-DB1\\openharmony\\toolchains\\restool.exe',
  '-x',
  'D:\\src\\Learn-HarmonyOS\\Learn-arkTs\\VIP_image\\AppScope\\resources',
  '-o',
  'D:\\src\\Learn-HarmonyOS\\Learn-arkTs\\VIP_image\\entry\\.preview\\default\\intermediates\\res\\default\\app_compiled'
]
[2024-07-06T14:58:51.819] [DEBUG] debug-file - current process  memoryUsage: {
  rss: 200548352,
  heapTotal: 149012480,
  heapUsed: 125281392,
  external: 1527123,
  arrayBuffers: 159189
} os memoryUsage :7.778556823730469
[2024-07-06T14:58:51.868] [DEBUG] debug-file - Info: restool resources compile success.

[2024-07-06T14:58:51.871] [DEBUG] debug-file - Use tool [C:\Program Files\Huawei\DevEco Studio\sdk\HarmonyOS-NEXT-DB1\openharmony\toolchains\restool.exe]
 [
  'C:\\Program Files\\Huawei\\DevEco Studio\\sdk\\HarmonyOS-NEXT-DB1\\openharmony\\toolchains\\restool.exe',
  '-x',
  'D:\\src\\Learn-HarmonyOS\\Learn-arkTs\\VIP_image\\entry\\src\\main\\resources',
  '-o',
  'D:\\src\\Learn-HarmonyOS\\Learn-arkTs\\VIP_image\\entry\\.preview\\default\\intermediates\\res\\default\\module_compiled'
]
[2024-07-06T14:58:51.873] [DEBUG] debug-file - current process  memoryUsage: {
  rss: 197283840,
  heapTotal: 149012480,
  heapUsed: 125539544,
  external: 1527249,
  arrayBuffers: 159330
} os memoryUsage :7.7758331298828125
[2024-07-06T14:58:51.907] [DEBUG] debug-file - Info: restool resources compile success.

[2024-07-06T14:58:51.910] [DEBUG] debug-file - Use tool [C:\Program Files\Huawei\DevEco Studio\sdk\HarmonyOS-NEXT-DB1\openharmony\toolchains\restool.exe]
 [
  'C:\\Program Files\\Huawei\\DevEco Studio\\sdk\\HarmonyOS-NEXT-DB1\\openharmony\\toolchains\\restool.exe',
  '-m',
  'entry',
  '-f',
  '-j',
  'D:\\src\\Learn-HarmonyOS\\Learn-arkTs\\VIP_image\\entry\\.preview\\default\\intermediates\\process_profile\\default\\module.json',
  '-p',
  'com.VIP_image.myapplication',
  '-r',
  'D:\\src\\Learn-HarmonyOS\\Learn-arkTs\\VIP_image\\entry\\.preview\\default\\generated\\r\\default\\ResourceTable.h',
  '-z',
  '--ids',
  'D:\\src\\Learn-HarmonyOS\\Learn-arkTs\\VIP_image\\entry\\.preview\\default\\intermediates\\res\\default\\ids_map',
  '-i',
  'D:\\src\\Learn-HarmonyOS\\Learn-arkTs\\VIP_image\\entry\\.preview\\default\\intermediates\\res\\default\\app_compiled',
  '-i',
  'D:\\src\\Learn-HarmonyOS\\Learn-arkTs\\VIP_image\\entry\\.preview\\default\\intermediates\\res\\default\\module_compiled',
  '-o',
  'D:\\src\\Learn-HarmonyOS\\Learn-arkTs\\VIP_image\\entry\\.preview\\default\\intermediates\\res\\default'
]
[2024-07-06T14:58:51.914] [DEBUG] debug-file - current process  memoryUsage: {
  rss: 197357568,
  heapTotal: 149012480,
  heapUsed: 125807856,
  external: 1535567,
  arrayBuffers: 168449
} os memoryUsage :7.775978088378906
[2024-07-06T14:58:52.005] [DEBUG] debug-file - Info: restool resources compile success.

[2024-07-06T14:58:52.011] [DEBUG] debug-file - entry : default@PreviewCompileResource cost memory 7.4732666015625
[2024-07-06T14:58:52.012] [DEBUG] debug-file - runTaskFromQueue task cost before running: 949 ms 
[2024-07-06T14:58:52.014] [INFO] debug-file - Finished :entry:default@PreviewCompileResource... after 227 ms 
[2024-07-06T14:58:52.017] [DEBUG] debug-file - jsonObjWithoutParam {} at undefined
[2024-07-06T14:58:52.018] [DEBUG] debug-file - jsonObjWithoutParam {"name":"entry","version":"1.0.0","description":"Please describe the basic information.","main":"","author":"","license":"","dependencies":{}} at undefined
[2024-07-06T14:58:52.018] [DEBUG] debug-file - Executing task :entry:default@PreviewHookCompileResource
[2024-07-06T14:58:52.018] [DEBUG] debug-file - entry : default@PreviewHookCompileResource cost memory 0.01494598388671875
[2024-07-06T14:58:52.018] [DEBUG] debug-file - runTaskFromQueue task cost before running: 955 ms 
[2024-07-06T14:58:52.018] [INFO] debug-file - Finished :entry:default@PreviewHookCompileResource... after 1 ms 
[2024-07-06T14:58:52.021] [DEBUG] debug-file - jsonObjWithoutParam {} at undefined
[2024-07-06T14:58:52.021] [DEBUG] debug-file - jsonObjWithoutParam {"name":"entry","version":"1.0.0","description":"Please describe the basic information.","main":"","author":"","license":"","dependencies":{}} at undefined
[2024-07-06T14:58:52.022] [DEBUG] debug-file - Executing task :entry:default@CopyPreviewProfile
[2024-07-06T14:58:52.029] [DEBUG] debug-file - entry : default@CopyPreviewProfile cost memory 0.15906524658203125
[2024-07-06T14:58:52.029] [DEBUG] debug-file - runTaskFromQueue task cost before running: 966 ms 
[2024-07-06T14:58:52.030] [INFO] debug-file - Finished :entry:default@CopyPreviewProfile... after 8 ms 
[2024-07-06T14:58:52.032] [DEBUG] debug-file - jsonObjWithoutParam {} at undefined
[2024-07-06T14:58:52.032] [DEBUG] debug-file - jsonObjWithoutParam {"name":"entry","version":"1.0.0","description":"Please describe the basic information.","main":"","author":"","license":"","dependencies":{}} at undefined
[2024-07-06T14:58:52.033] [DEBUG] debug-file - Executing task :entry:default@ReplacePreviewerPage
[2024-07-06T14:58:52.034] [DEBUG] debug-file - entry : default@ReplacePreviewerPage cost memory 0.0149688720703125
[2024-07-06T14:58:52.034] [DEBUG] debug-file - runTaskFromQueue task cost before running: 970 ms 
[2024-07-06T14:58:52.034] [INFO] debug-file - Finished :entry:default@ReplacePreviewerPage... after 1 ms 
[2024-07-06T14:58:52.036] [DEBUG] debug-file - Executing task :entry:buildPreviewerResource
[2024-07-06T14:58:52.036] [DEBUG] debug-file - entry : buildPreviewerResource cost memory 0.0119476318359375
[2024-07-06T14:58:52.036] [DEBUG] debug-file - runTaskFromQueue task cost before running: 973 ms 
[2024-07-06T14:58:52.036] [INFO] debug-file - Finished :entry:buildPreviewerResource... after 1 ms 
[2024-07-06T14:58:52.039] [DEBUG] debug-file - jsonObjWithoutParam {} at undefined
[2024-07-06T14:58:52.039] [DEBUG] debug-file - jsonObjWithoutParam {"name":"entry","version":"1.0.0","description":"Please describe the basic information.","main":"","author":"","license":"","dependencies":{}} at undefined
[2024-07-06T14:58:52.039] [DEBUG] debug-file - Executing task :entry:default@PreviewUpdateAssets
[2024-07-06T14:58:52.047] [DEBUG] debug-file - entry : default@PreviewUpdateAssets cost memory 0.06351470947265625
[2024-07-06T14:58:52.047] [DEBUG] debug-file - runTaskFromQueue task cost before running: 983 ms 
[2024-07-06T14:58:52.048] [INFO] debug-file - Finished :entry:default@PreviewUpdateAssets... after 8 ms 
[2024-07-06T14:58:52.050] [DEBUG] debug-file - jsonObjWithoutParam {} at undefined
[2024-07-06T14:58:52.050] [DEBUG] debug-file - jsonObjWithoutParam {"name":"entry","version":"1.0.0","description":"Please describe the basic information.","main":"","author":"","license":"","dependencies":{}} at undefined
[2024-07-06T14:58:52.055] [DEBUG] debug-file - Executing task :entry:default@PreviewArkTS
[2024-07-06T14:58:52.076] [DEBUG] debug-file - session manager: binding session. socketId=HFrffwQs74EqT8JMAAAD, threadId=1@1.
[2024-07-06T14:58:52.076] [DEBUG] debug-file - entry : default@PreviewArkTS cost memory 0.9958267211914062
[2024-07-06T14:59:01.375] [DEBUG] debug-file - session manager: watch message received from worker 1. Type: WatchStart
[2024-07-06T14:59:10.073] [DEBUG] debug-file - session manager: watch message received from worker 1. Type: WatchResult
[2024-07-06T14:59:10.074] [DEBUG] debug-file - Ark compile finished.
[2024-07-06T14:59:10.082] [INFO] debug-file - Finished :entry:default@PreviewArkTS... after 18 s 23 ms 
[2024-07-06T14:59:10.086] [DEBUG] debug-file - Executing task :entry:PreviewBuild
[2024-07-06T14:59:10.086] [DEBUG] debug-file - entry : PreviewBuild cost memory 0.01149749755859375
[2024-07-06T14:59:10.086] [DEBUG] debug-file - runTaskFromQueue task cost before running: 19 s 23 ms 
[2024-07-06T14:59:10.086] [INFO] debug-file - Finished :entry:PreviewBuild... after 1 ms 
[2024-07-06T14:59:10.094] [DEBUG] debug-file - Update task entry:default@PreBuild input file:D:\src\Learn-HarmonyOS\Learn-arkTs\VIP_image\AppScope\app.json5 cache by regenerate.
[2024-07-06T14:59:10.095] [DEBUG] debug-file - Update task entry:default@PreBuild input file:D:\src\Learn-HarmonyOS\Learn-arkTs\VIP_image\entry\src\main\module.json5 cache by regenerate.
[2024-07-06T14:59:10.096] [DEBUG] debug-file - Update task entry:default@PreBuild input file:D:\src\Learn-HarmonyOS\Learn-arkTs\VIP_image\build-profile.json5 cache by regenerate.
[2024-07-06T14:59:10.096] [DEBUG] debug-file - Update task entry:default@PreBuild input file:D:\src\Learn-HarmonyOS\Learn-arkTs\VIP_image\entry\build-profile.json5 cache by regenerate.
[2024-07-06T14:59:10.097] [DEBUG] debug-file - Update task entry:default@PreBuild input file:D:\src\Learn-HarmonyOS\Learn-arkTs\VIP_image\entry\src\main\resources\base\profile\main_pages.json cache by regenerate.
[2024-07-06T14:59:10.097] [DEBUG] debug-file - Update task entry:default@PreBuild input file:D:\src\Learn-HarmonyOS\Learn-arkTs\VIP_image\hvigor\hvigor-config.json5 cache by regenerate.
[2024-07-06T14:59:10.097] [DEBUG] debug-file - Update task entry:default@PreBuild input file:D:\src\Learn-HarmonyOS\Learn-arkTs\VIP_image\entry\src\mock\mock-config.json5 cache by regenerate.
[2024-07-06T14:59:10.098] [DEBUG] debug-file - Update task entry:default@PreBuild input file:D:\src\Learn-HarmonyOS\Learn-arkTs\VIP_image\entry\oh-package.json5 cache by regenerate.
[2024-07-06T14:59:10.099] [DEBUG] debug-file - Incremental task entry:default@PreBuild post-execution cost:6 ms .
[2024-07-06T14:59:10.099] [DEBUG] debug-file - Update task entry:default@MergeProfile input file:D:\src\Learn-HarmonyOS\Learn-arkTs\VIP_image\AppScope\app.json5 cache by regenerate.
[2024-07-06T14:59:10.100] [DEBUG] debug-file - Update task entry:default@MergeProfile input file:D:\src\Learn-HarmonyOS\Learn-arkTs\VIP_image\build-profile.json5 cache by regenerate.
[2024-07-06T14:59:10.100] [DEBUG] debug-file - Update task entry:default@MergeProfile input file:D:\src\Learn-HarmonyOS\Learn-arkTs\VIP_image\entry\src\main\module.json5 cache by regenerate.
[2024-07-06T14:59:10.101] [DEBUG] debug-file - Update task entry:default@MergeProfile output file:D:\src\Learn-HarmonyOS\Learn-arkTs\VIP_image\entry\.preview\default\intermediates\merge_profile\default\module.json cache.
[2024-07-06T14:59:10.101] [DEBUG] debug-file - Incremental task entry:default@MergeProfile post-execution cost:3 ms .
[2024-07-06T14:59:10.101] [DEBUG] debug-file - Update task entry:default@CreateBuildProfile input file:D:\src\Learn-HarmonyOS\Learn-arkTs\VIP_image\AppScope\app.json5 cache by regenerate.
[2024-07-06T14:59:10.101] [DEBUG] debug-file - Update task entry:default@CreateBuildProfile input file:D:\src\Learn-HarmonyOS\Learn-arkTs\VIP_image\build-profile.json5 cache by regenerate.
[2024-07-06T14:59:10.102] [DEBUG] debug-file - Update task entry:default@CreateBuildProfile output file:D:\src\Learn-HarmonyOS\Learn-arkTs\VIP_image\entry\.preview\default\generated\profile\default\BuildProfile.ets cache.
[2024-07-06T14:59:10.103] [DEBUG] debug-file - Incremental task entry:default@CreateBuildProfile post-execution cost:2 ms .
[2024-07-06T14:59:10.103] [DEBUG] debug-file - Update task entry:default@GeneratePkgContextInfo output file:D:\src\Learn-HarmonyOS\Learn-arkTs\VIP_image\entry\.preview\default\intermediates\loader\default\pkgContextInfo.json cache.
[2024-07-06T14:59:10.104] [DEBUG] debug-file - Incremental task entry:default@GeneratePkgContextInfo post-execution cost:1 ms .
[2024-07-06T14:59:10.104] [DEBUG] debug-file - Update task entry:default@ProcessProfile input file:D:\src\Learn-HarmonyOS\Learn-arkTs\VIP_image\entry\.preview\default\intermediates\merge_profile\default\module.json cache by regenerate.
[2024-07-06T14:59:10.104] [DEBUG] debug-file - Update task entry:default@ProcessProfile output file:D:\src\Learn-HarmonyOS\Learn-arkTs\VIP_image\entry\.preview\default\intermediates\process_profile\default\module.json cache.
[2024-07-06T14:59:10.104] [DEBUG] debug-file - Incremental task entry:default@ProcessProfile post-execution cost:1 ms .
[2024-07-06T14:59:10.106] [DEBUG] debug-file - Update task entry:default@ProcessRouterMap input file:D:\src\Learn-HarmonyOS\Learn-arkTs\VIP_image\entry\oh-package.json5 cache by regenerate.
[2024-07-06T14:59:10.106] [DEBUG] debug-file - Update task entry:default@ProcessRouterMap input file:D:\src\Learn-HarmonyOS\Learn-arkTs\VIP_image\oh-package.json5 cache by regenerate.
[2024-07-06T14:59:10.107] [DEBUG] debug-file - Update task entry:default@ProcessRouterMap input file:D:\src\Learn-HarmonyOS\Learn-arkTs\VIP_image\entry\src\main\module.json5 cache by regenerate.
[2024-07-06T14:59:10.107] [DEBUG] debug-file - Update task entry:default@ProcessRouterMap output file:D:\src\Learn-HarmonyOS\Learn-arkTs\VIP_image\entry\.preview\default\intermediates\router_map\default\intermediates_temp_routerMap.json cache.
[2024-07-06T14:59:10.107] [DEBUG] debug-file - Update task entry:default@ProcessRouterMap output file:D:\src\Learn-HarmonyOS\Learn-arkTs\VIP_image\entry\.preview\default\intermediates\router_map\default\intermediate_routerMap_for_loader.json cache.
[2024-07-06T14:59:10.108] [DEBUG] debug-file - Incremental task entry:default@ProcessRouterMap post-execution cost:4 ms .
[2024-07-06T14:59:10.111] [DEBUG] debug-file - Update task entry:default@GenerateLoaderJson input file:D:\src\Learn-HarmonyOS\Learn-arkTs\VIP_image\entry\src\mock\mock-config.json5 cache by regenerate.
[2024-07-06T14:59:10.112] [DEBUG] debug-file - Update task entry:default@GenerateLoaderJson input file:D:\src\Learn-HarmonyOS\Learn-arkTs\VIP_image\entry\.preview\default\intermediates\router_map\default\intermediates_temp_routerMap.json cache by regenerate.
[2024-07-06T14:59:10.112] [DEBUG] debug-file - Update task entry:default@GenerateLoaderJson output file:D:\src\Learn-HarmonyOS\Learn-arkTs\VIP_image\entry\.preview\default\intermediates\loader\default\loader.json cache.
[2024-07-06T14:59:10.113] [DEBUG] debug-file - Incremental task entry:default@GenerateLoaderJson post-execution cost:5 ms .
[2024-07-06T14:59:10.113] [DEBUG] debug-file - Update task entry:default@PreviewCompileResource input file:D:\src\Learn-HarmonyOS\Learn-arkTs\VIP_image\entry\src\main\resources cache by regenerate.
[2024-07-06T14:59:10.120] [DEBUG] debug-file - Update task entry:default@PreviewCompileResource input file:D:\src\Learn-HarmonyOS\Learn-arkTs\VIP_image\entry\.preview\default\intermediates\merge_profile\default\module.json cache by regenerate.
[2024-07-06T14:59:10.120] [DEBUG] debug-file - Update task entry:default@PreviewCompileResource output file:D:\src\Learn-HarmonyOS\Learn-arkTs\VIP_image\entry\.preview\default\intermediates\res\default cache.
[2024-07-06T14:59:10.127] [DEBUG] debug-file - Update task entry:default@PreviewCompileResource output file:D:\src\Learn-HarmonyOS\Learn-arkTs\VIP_image\entry\.preview\default\generated\r\default cache.
[2024-07-06T14:59:10.128] [DEBUG] debug-file - Incremental task entry:default@PreviewCompileResource post-execution cost:16 ms .
[2024-07-06T14:59:10.128] [DEBUG] debug-file - Update task entry:default@CopyPreviewProfile input file:D:\src\Learn-HarmonyOS\Learn-arkTs\VIP_image\entry\src\main\resources\base\profile cache by regenerate.
[2024-07-06T14:59:10.129] [DEBUG] debug-file - Update task entry:default@CopyPreviewProfile output file:D:\src\Learn-HarmonyOS\Learn-arkTs\VIP_image\entry\.preview\default\intermediates\res\default\resources\base\profile cache.
[2024-07-06T14:59:10.130] [DEBUG] debug-file - Incremental task entry:default@CopyPreviewProfile post-execution cost:3 ms .
[2024-07-06T14:59:10.131] [DEBUG] debug-file - Update task entry:default@PreviewUpdateAssets output file:D:\src\Learn-HarmonyOS\Learn-arkTs\VIP_image\entry\.preview\default\intermediates\res\default\module.json cache.
[2024-07-06T14:59:10.131] [DEBUG] debug-file - Update task entry:default@PreviewUpdateAssets output file:D:\src\Learn-HarmonyOS\Learn-arkTs\VIP_image\entry\.preview\default\intermediates\res\default\resources\base\profile\main_pages.json cache.
[2024-07-06T14:59:10.132] [DEBUG] debug-file - Incremental task entry:default@PreviewUpdateAssets post-execution cost:2 ms .
[2024-07-06T14:59:10.135] [DEBUG] debug-file - Update task entry:default@PreviewArkTS input file:D:\src\Learn-HarmonyOS\Learn-arkTs\VIP_image\entry\.preview\default\intermediates\loader\default cache by regenerate.
[2024-07-06T14:59:10.136] [DEBUG] debug-file - Update task entry:default@PreviewArkTS input file:D:\src\Learn-HarmonyOS\Learn-arkTs\VIP_image\entry\.preview\default\intermediates\res\default\ResourceTable.txt cache by regenerate.
[2024-07-06T14:59:10.137] [DEBUG] debug-file - Update task entry:default@PreviewArkTS input file:D:\src\Learn-HarmonyOS\Learn-arkTs\VIP_image\entry\.preview\default\intermediates\res\default\module.json cache by regenerate.
[2024-07-06T14:59:10.137] [DEBUG] debug-file - Update task entry:default@PreviewArkTS input file:D:\src\Learn-HarmonyOS\Learn-arkTs\VIP_image\entry\.preview\default\intermediates\res\default\resources\base\profile cache by regenerate.
[2024-07-06T14:59:10.138] [DEBUG] debug-file - Update task entry:default@PreviewArkTS input file:D:\src\Learn-HarmonyOS\Learn-arkTs\VIP_image\entry\src\main\ets cache by regenerate.
[2024-07-06T14:59:10.140] [DEBUG] debug-file - Update task entry:default@PreviewArkTS input file:D:\src\Learn-HarmonyOS\Learn-arkTs\VIP_image\entry\.preview\default\generated\profile\default\BuildProfile.ets cache by regenerate.
[2024-07-06T14:59:10.140] [DEBUG] debug-file - Update task entry:default@PreviewArkTS input file:D:\src\Learn-HarmonyOS\Learn-arkTs\VIP_image\entry\src\mock\mock-config.json5 cache by regenerate.
[2024-07-06T14:59:10.141] [DEBUG] debug-file - Update task entry:default@PreviewArkTS output file:D:\src\Learn-HarmonyOS\Learn-arkTs\VIP_image\entry\.preview\default\intermediates\loader_out\default\ets cache.
[2024-07-06T14:59:10.141] [DEBUG] debug-file - Incremental task entry:default@PreviewArkTS post-execution cost:10 ms .
